# JRE version: OpenJDK Runtime Environment Temurin-17.0.6+10 (17.0.6+10) (build 17.0.6+10)
# Java VM: OpenJDK 64-Bit Server VM Temurin-17.0.6+10 (17.0.6+10, mixed mode, tiered, compressed oops, compressed class ptrs, parallel gc, windows-amd64)
GC Precious Log:
 CPUs: 16 total, 16 available
 Memory: 15697M
 Large Page Support: Disabled
 NUMA Support: Disabled
 Compressed Oops: Enabled (32-bit)
 Alignments: Space 512K, Generation 512K, Heap 2M
 Heap Min Capacity: 100M
 Heap Initial Capacity: 100M
 Heap Max Capacity: 1G
 Pre-touch: Disabled
 Parallel Workers: 13
Heap:
 PSYoungGen      total 22016K, used 16432K [0x00000000eab00000, 0x00000000ec380000, 0x0000000100000000)
  eden space 20992K, 74% used [0x00000000eab00000,0x00000000eba5e608,0x00000000ebf80000)
  from space 1024K, 67% used [0x00000000ebf80000,0x00000000ec02da20,0x00000000ec080000)
  to   space 2048K, 0% used [0x00000000ec180000,0x00000000ec180000,0x00000000ec380000)
 ParOldGen       total 68608K, used 24270K [0x00000000c0000000, 0x00000000c4300000, 0x00000000eab00000)
  object space 68608K, 35% used [0x00000000c0000000,0x00000000c17b3928,0x00000000c4300000)
 Metaspace       used 39981K, committed 40640K, reserved 1089536K
  class space    used 4054K, committed 4352K, reserved 1048576K
GC Heap History (20 events):
Event: 6.465 GC heap before
{Heap before GC invocations=8 (full 1):
 PSYoungGen      total 26112K, used 25877K [0x00000000eab00000, 0x00000000ec780000, 0x0000000100000000)
  eden space 24576K, 100% used [0x00000000eab00000,0x00000000ec300000,0x00000000ec300000)
  from space 1536K, 84% used [0x00000000ec600000,0x00000000ec745590,0x00000000ec780000)
  to   space 1536K, 0% used [0x00000000ec480000,0x00000000ec480000,0x00000000ec600000)
 ParOldGen       total 68608K, used 7433K [0x00000000c0000000, 0x00000000c4300000, 0x00000000eab00000)
  object space 68608K, 10% used [0x00000000c0000000,0x00000000c0742780,0x00000000c4300000)
 Metaspace       used 31904K, committed 32512K, reserved 1081344K
  class space    used 3178K, committed 3456K, reserved 1048576K
}
Event: 6.467 GC heap after
{Heap after GC invocations=8 (full 1):
 PSYoungGen      total 25600K, used 1531K [0x00000000eab00000, 0x00000000ec880000, 0x0000000100000000)
  eden space 24064K, 0% used [0x00000000eab00000,0x00000000eab00000,0x00000000ec280000)
  from space 1536K, 99% used [0x00000000ec480000,0x00000000ec5fefc0,0x00000000ec600000)
  to   space 2560K, 0% used [0x00000000ec600000,0x00000000ec600000,0x00000000ec880000)
 ParOldGen       total 68608K, used 8384K [0x00000000c0000000, 0x00000000c4300000, 0x00000000eab00000)
  object space 68608K, 12% used [0x00000000c0000000,0x00000000c0830008,0x00000000c4300000)
 Metaspace       used 31904K, committed 32512K, reserved 1081344K
  class space    used 3178K, committed 3456K, reserved 1048576K
}
Event: 6.963 GC heap before
{Heap before GC invocations=9 (full 1):
 PSYoungGen      total 25600K, used 25593K [0x00000000eab00000, 0x00000000ec880000, 0x0000000100000000)
  eden space 24064K, 99% used [0x00000000eab00000,0x00000000ec27f820,0x00000000ec280000)
  from space 1536K, 99% used [0x00000000ec480000,0x00000000ec5fefc0,0x00000000ec600000)
  to   space 2560K, 0% used [0x00000000ec600000,0x00000000ec600000,0x00000000ec880000)
 ParOldGen       total 68608K, used 8384K [0x00000000c0000000, 0x00000000c4300000, 0x00000000eab00000)
  object space 68608K, 12% used [0x00000000c0000000,0x00000000c0830008,0x00000000c4300000)
 Metaspace       used 34973K, committed 35648K, reserved 1081344K
  class space    used 3512K, committed 3840K, reserved 1048576K
}
Event: 6.965 GC heap after
{Heap after GC invocations=9 (full 1):
 PSYoungGen      total 26112K, used 2534K [0x00000000eab00000, 0x00000000ec900000, 0x0000000100000000)
  eden space 23552K, 0% used [0x00000000eab00000,0x00000000eab00000,0x00000000ec200000)
  from space 2560K, 99% used [0x00000000ec600000,0x00000000ec879b68,0x00000000ec880000)
  to   space 3584K, 0% used [0x00000000ec200000,0x00000000ec200000,0x00000000ec580000)
 ParOldGen       total 68608K, used 9080K [0x00000000c0000000, 0x00000000c4300000, 0x00000000eab00000)
  object space 68608K, 13% used [0x00000000c0000000,0x00000000c08de028,0x00000000c4300000)
 Metaspace       used 34973K, committed 35648K, reserved 1081344K
  class space    used 3512K, committed 3840K, reserved 1048576K
}
Event: 7.002 GC heap before
{Heap before GC invocations=10 (full 1):
 PSYoungGen      total 26112K, used 3884K [0x00000000eab00000, 0x00000000ec900000, 0x0000000100000000)
  eden space 23552K, 5% used [0x00000000eab00000,0x00000000eac51868,0x00000000ec200000)
  from space 2560K, 99% used [0x00000000ec600000,0x00000000ec879b68,0x00000000ec880000)
  to   space 3584K, 0% used [0x00000000ec200000,0x00000000ec200000,0x00000000ec580000)
 ParOldGen       total 68608K, used 9080K [0x00000000c0000000, 0x00000000c4300000, 0x00000000eab00000)
  object space 68608K, 13% used [0x00000000c0000000,0x00000000c08de028,0x00000000c4300000)
 Metaspace       used 35211K, committed 35840K, reserved 1081344K
  class space    used 3544K, committed 3840K, reserved 1048576K
}
Event: 7.003 GC heap after
{Heap after GC invocations=10 (full 1):
 PSYoungGen      total 26112K, used 2048K [0x00000000eab00000, 0x00000000ec700000, 0x0000000100000000)
  eden space 23552K, 0% used [0x00000000eab00000,0x00000000eab00000,0x00000000ec200000)
  from space 2560K, 80% used [0x00000000ec200000,0x00000000ec4000b8,0x00000000ec480000)
  to   space 2560K, 0% used [0x00000000ec480000,0x00000000ec480000,0x00000000ec700000)
 ParOldGen       total 68608K, used 9873K [0x00000000c0000000, 0x00000000c4300000, 0x00000000eab00000)
  object space 68608K, 14% used [0x00000000c0000000,0x00000000c09a47e8,0x00000000c4300000)
 Metaspace       used 35211K, committed 35840K, reserved 1081344K
  class space    used 3544K, committed 3840K, reserved 1048576K
}
Event: 7.003 GC heap before
{Heap before GC invocations=11 (full 2):
 PSYoungGen      total 26112K, used 2048K [0x00000000eab00000, 0x00000000ec700000, 0x0000000100000000)
  eden space 23552K, 0% used [0x00000000eab00000,0x00000000eab00000,0x00000000ec200000)
  from space 2560K, 80% used [0x00000000ec200000,0x00000000ec4000b8,0x00000000ec480000)
  to   space 2560K, 0% used [0x00000000ec480000,0x00000000ec480000,0x00000000ec700000)
 ParOldGen       total 68608K, used 9873K [0x00000000c0000000, 0x00000000c4300000, 0x00000000eab00000)
  object space 68608K, 14% used [0x00000000c0000000,0x00000000c09a47e8,0x00000000c4300000)
 Metaspace       used 35211K, committed 35840K, reserved 1081344K
  class space    used 3544K, committed 3840K, reserved 1048576K
}
Event: 7.022 GC heap after
{Heap after GC invocations=11 (full 2):
 PSYoungGen      total 26112K, used 0K [0x00000000eab00000, 0x00000000ec700000, 0x0000000100000000)
  eden space 23552K, 0% used [0x00000000eab00000,0x00000000eab00000,0x00000000ec200000)
  from space 2560K, 0% used [0x00000000ec200000,0x00000000ec200000,0x00000000ec480000)
  to   space 2560K, 0% used [0x00000000ec480000,0x00000000ec480000,0x00000000ec700000)
 ParOldGen       total 68608K, used 11490K [0x00000000c0000000, 0x00000000c4300000, 0x00000000eab00000)
  object space 68608K, 16% used [0x00000000c0000000,0x00000000c0b389b8,0x00000000c4300000)
 Metaspace       used 35211K, committed 35840K, reserved 1081344K
  class space    used 3544K, committed 3840K, reserved 1048576K
}
Event: 7.158 GC heap before
{Heap before GC invocations=12 (full 2):
 PSYoungGen      total 26112K, used 23552K [0x00000000eab00000, 0x00000000ec700000, 0x0000000100000000)
  eden space 23552K, 100% used [0x00000000eab00000,0x00000000ec200000,0x00000000ec200000)
  from space 2560K, 0% used [0x00000000ec200000,0x00000000ec200000,0x00000000ec480000)
  to   space 2560K, 0% used [0x00000000ec480000,0x00000000ec480000,0x00000000ec700000)
 ParOldGen       total 68608K, used 11490K [0x00000000c0000000, 0x00000000c4300000, 0x00000000eab00000)
  object space 68608K, 16% used [0x00000000c0000000,0x00000000c0b389b8,0x00000000c4300000)
 Metaspace       used 35407K, committed 36096K, reserved 1081344K
  class space    used 3570K, committed 3904K, reserved 1048576K
}
Event: 7.160 GC heap after
{Heap after GC invocations=12 (full 2):
 PSYoungGen      total 25600K, used 2464K [0x00000000eab00000, 0x00000000ec700000, 0x0000000100000000)
  eden space 23040K, 0% used [0x00000000eab00000,0x00000000eab00000,0x00000000ec180000)
  from space 2560K, 96% used [0x00000000ec480000,0x00000000ec6e8010,0x00000000ec700000)
  to   space 2560K, 0% used [0x00000000ec200000,0x00000000ec200000,0x00000000ec480000)
 ParOldGen       total 68608K, used 11498K [0x00000000c0000000, 0x00000000c4300000, 0x00000000eab00000)
  object space 68608K, 16% used [0x00000000c0000000,0x00000000c0b3a9b8,0x00000000c4300000)
 Metaspace       used 35407K, committed 36096K, reserved 1081344K
  class space    used 3570K, committed 3904K, reserved 1048576K
}
Event: 7.375 GC heap before
{Heap before GC invocations=13 (full 2):
 PSYoungGen      total 25600K, used 25504K [0x00000000eab00000, 0x00000000ec700000, 0x0000000100000000)
  eden space 23040K, 100% used [0x00000000eab00000,0x00000000ec180000,0x00000000ec180000)
  from space 2560K, 96% used [0x00000000ec480000,0x00000000ec6e8010,0x00000000ec700000)
  to   space 2560K, 0% used [0x00000000ec200000,0x00000000ec200000,0x00000000ec480000)
 ParOldGen       total 68608K, used 11498K [0x00000000c0000000, 0x00000000c4300000, 0x00000000eab00000)
  object space 68608K, 16% used [0x00000000c0000000,0x00000000c0b3a9b8,0x00000000c4300000)
 Metaspace       used 35488K, committed 36160K, reserved 1081344K
  class space    used 3583K, committed 3904K, reserved 1048576K
}
Event: 7.379 GC heap after
{Heap after GC invocations=13 (full 2):
 PSYoungGen      total 25088K, used 2496K [0x00000000eab00000, 0x00000000ec600000, 0x0000000100000000)
  eden space 22528K, 0% used [0x00000000eab00000,0x00000000eab00000,0x00000000ec100000)
  from space 2560K, 97% used [0x00000000ec200000,0x00000000ec470010,0x00000000ec480000)
  to   space 1536K, 0% used [0x00000000ec480000,0x00000000ec480000,0x00000000ec600000)
 ParOldGen       total 68608K, used 14242K [0x00000000c0000000, 0x00000000c4300000, 0x00000000eab00000)
  object space 68608K, 20% used [0x00000000c0000000,0x00000000c0de89c8,0x00000000c4300000)
 Metaspace       used 35488K, committed 36160K, reserved 1081344K
  class space    used 3583K, committed 3904K, reserved 1048576K
}
Event: 7.444 GC heap before
{Heap before GC invocations=14 (full 2):
 PSYoungGen      total 25088K, used 25024K [0x00000000eab00000, 0x00000000ec600000, 0x0000000100000000)
  eden space 22528K, 100% used [0x00000000eab00000,0x00000000ec100000,0x00000000ec100000)
  from space 2560K, 97% used [0x00000000ec200000,0x00000000ec470010,0x00000000ec480000)
  to   space 1536K, 0% used [0x00000000ec480000,0x00000000ec480000,0x00000000ec600000)
 ParOldGen       total 68608K, used 14242K [0x00000000c0000000, 0x00000000c4300000, 0x00000000eab00000)
  object space 68608K, 20% used [0x00000000c0000000,0x00000000c0de89c8,0x00000000c4300000)
 Metaspace       used 35488K, committed 36160K, reserved 1081344K
  class space    used 3583K, committed 3904K, reserved 1048576K
}
Event: 7.450 GC heap after
{Heap after GC invocations=14 (full 2):
 PSYoungGen      total 22528K, used 1536K [0x00000000eab00000, 0x00000000eca80000, 0x0000000100000000)
  eden space 20992K, 0% used [0x00000000eab00000,0x00000000eab00000,0x00000000ebf80000)
  from space 1536K, 100% used [0x00000000ec480000,0x00000000ec600000,0x00000000ec600000)
  to   space 5120K, 0% used [0x00000000ebf80000,0x00000000ebf80000,0x00000000ec480000)
 ParOldGen       total 68608K, used 17291K [0x00000000c0000000, 0x00000000c4300000, 0x00000000eab00000)
  object space 68608K, 25% used [0x00000000c0000000,0x00000000c10e2c38,0x00000000c4300000)
 Metaspace       used 35488K, committed 36160K, reserved 1081344K
  class space    used 3583K, committed 3904K, reserved 1048576K
}
Event: 7.493 GC heap before
{Heap before GC invocations=15 (full 2):
 PSYoungGen      total 22528K, used 22528K [0x00000000eab00000, 0x00000000eca80000, 0x0000000100000000)
  eden space 20992K, 100% used [0x00000000eab00000,0x00000000ebf80000,0x00000000ebf80000)
  from space 1536K, 100% used [0x00000000ec480000,0x00000000ec600000,0x00000000ec600000)
  to   space 5120K, 0% used [0x00000000ebf80000,0x00000000ebf80000,0x00000000ec480000)
 ParOldGen       total 68608K, used 17291K [0x00000000c0000000, 0x00000000c4300000, 0x00000000eab00000)
  object space 68608K, 25% used [0x00000000c0000000,0x00000000c10e2c38,0x00000000c4300000)
 Metaspace       used 35488K, committed 36160K, reserved 1081344K
  class space    used 3583K, committed 3904K, reserved 1048576K
}
Event: 7.497 GC heap after
{Heap after GC invocations=15 (full 2):
 PSYoungGen      total 24064K, used 2784K [0x00000000eab00000, 0x00000000ec680000, 0x0000000100000000)
  eden space 20992K, 0% used [0x00000000eab00000,0x00000000eab00000,0x00000000ebf80000)
  from space 3072K, 90% used [0x00000000ebf80000,0x00000000ec238010,0x00000000ec280000)
  to   space 3584K, 0% used [0x00000000ec300000,0x00000000ec300000,0x00000000ec680000)
 ParOldGen       total 68608K, used 18883K [0x00000000c0000000, 0x00000000c4300000, 0x00000000eab00000)
  object space 68608K, 27% used [0x00000000c0000000,0x00000000c1270c38,0x00000000c4300000)
 Metaspace       used 35488K, committed 36160K, reserved 1081344K
  class space    used 3583K, committed 3904K, reserved 1048576K
}
Event: 7.757 GC heap before
{Heap before GC invocations=16 (full 2):
 PSYoungGen      total 24064K, used 23776K [0x00000000eab00000, 0x00000000ec680000, 0x0000000100000000)
  eden space 20992K, 100% used [0x00000000eab00000,0x00000000ebf80000,0x00000000ebf80000)
  from space 3072K, 90% used [0x00000000ebf80000,0x00000000ec238010,0x00000000ec280000)
  to   space 3584K, 0% used [0x00000000ec300000,0x00000000ec300000,0x00000000ec680000)
 ParOldGen       total 68608K, used 18883K [0x00000000c0000000, 0x00000000c4300000, 0x00000000eab00000)
  object space 68608K, 27% used [0x00000000c0000000,0x00000000c1270c38,0x00000000c4300000)
 Metaspace       used 36404K, committed 37056K, reserved 1089536K
  class space    used 3686K, committed 3968K, reserved 1048576K
}
Event: 7.761 GC heap after
{Heap after GC invocations=16 (full 2):
 PSYoungGen      total 24064K, used 2980K [0x00000000eab00000, 0x00000000ec600000, 0x0000000100000000)
  eden space 20992K, 0% used [0x00000000eab00000,0x00000000eab00000,0x00000000ebf80000)
  from space 3072K, 97% used [0x00000000ec300000,0x00000000ec5e92f0,0x00000000ec600000)
  to   space 3072K, 0% used [0x00000000ebf80000,0x00000000ebf80000,0x00000000ec280000)
 ParOldGen       total 68608K, used 21427K [0x00000000c0000000, 0x00000000c4300000, 0x00000000eab00000)
  object space 68608K, 31% used [0x00000000c0000000,0x00000000c14ecc48,0x00000000c4300000)
 Metaspace       used 36404K, committed 37056K, reserved 1089536K
  class space    used 3686K, committed 3968K, reserved 1048576K
}
Event: 8.145 GC heap before
{Heap before GC invocations=17 (full 2):
 PSYoungGen      total 24064K, used 23941K [0x00000000eab00000, 0x00000000ec600000, 0x0000000100000000)
  eden space 20992K, 99% used [0x00000000eab00000,0x00000000ebf78260,0x00000000ebf80000)
  from space 3072K, 97% used [0x00000000ec300000,0x00000000ec5e92f0,0x00000000ec600000)
  to   space 3072K, 0% used [0x00000000ebf80000,0x00000000ebf80000,0x00000000ec280000)
 ParOldGen       total 68608K, used 21427K [0x00000000c0000000, 0x00000000c4300000, 0x00000000eab00000)
  object space 68608K, 31% used [0x00000000c0000000,0x00000000c14ecc48,0x00000000c4300000)
 Metaspace       used 38736K, committed 39488K, reserved 1089536K
  class space    used 3947K, committed 4288K, reserved 1048576K
}
Event: 8.147 GC heap after
{Heap after GC invocations=17 (full 2):
 PSYoungGen      total 22016K, used 694K [0x00000000eab00000, 0x00000000ec380000, 0x0000000100000000)
  eden space 20992K, 0% used [0x00000000eab00000,0x00000000eab00000,0x00000000ebf80000)
  from space 1024K, 67% used [0x00000000ebf80000,0x00000000ec02da20,0x00000000ec080000)
  to   space 2048K, 0% used [0x00000000ec180000,0x00000000ec180000,0x00000000ec380000)
 ParOldGen       total 68608K, used 24270K [0x00000000c0000000, 0x00000000c4300000, 0x00000000eab00000)
  object space 68608K, 35% used [0x00000000c0000000,0x00000000c17b3928,0x00000000c4300000)
 Metaspace       used 38736K, committed 39488K, reserved 1089536K
  class space    used 3947K, committed 4288K, reserved 1048576K
}

